#
# A fatal error has been detected by the Java Runtime Environment:
#
#  EXCEPTION_ACCESS_VIOLATION (0xc0000005) at pc=0x000000018001205f, pid=10132, tid=0x0000000000004968
#
# JRE version: Java(TM) SE Runtime Environment (8.0_144-b01) (build 1.8.0_144-b01)
# Java VM: Java HotSpot(TM) 64-Bit Server VM (25.144-b01 mixed mode windows-amd64 compressed oops)
# Problematic frame:
# C  [jacob-1.14.3-x64.dll+0x1205f]
#
# Failed to write core dump. Minidumps are not enabled by default on client versions of Windows
#
# If you would like to submit a bug report, please visit:
#   http://bugreport.java.com/bugreport/crash.jsp
# The crash happened outside the Java Virtual Machine in native code.
# See problematic frame for where to report the bug.
#

---------------  T H R E A D  ---------------

Current thread (0x0000000004832800):  JavaThread "main" [_thread_in_native, id=18792, stack(0x0000000004730000,0x0000000004830000)]

siginfo: ExceptionCode=0xc0000005, reading address 0x0000000000000001

Registers:
RAX=0x0000000000000000, RBX=0x000000001bda3f30, RCX=0x0000000000000000, RDX=0x000000000482de58
RSP=0x000000000482dd90, RBP=0x000000000482de38, RSI=0x00000000048329f8, RDI=0x0000000000000001
R8 =0x0000000000000000, R9 =0x00000000d637a8c8, R10=0x0000000000000004, R11=0x0000000063e2f4d8
R12=0x0000000000000000, R13=0x0000000018f8af70, R14=0x000000000482de60, R15=0x0000000004832800
RIP=0x000000018001205f, EFLAGS=0x0000000000010202

Top of Stack: (sp=0x000000000482dd90)
0x000000000482dd90:   000000001bda3f30 000000000482de60
0x000000000482dda0:   000000000482de38 0000000018e09a40
0x000000000482ddb0:   000000000493835d 0000000004947f74
0x000000000482ddc0:   0000000018f8af70 0000000018e09a40
0x000000000482ddd0:   0000000004832800 0000000018f8af70
0x000000000482dde0:   0000000018e09a40 0000000004832800
0x000000000482ddf0:   0000000004947ca2 000000000482ddf8
0x000000000482de00:   0000000018f8af70 000000000482de60
0x000000000482de10:   0000000018f8d448 0000000000000000
0x000000000482de20:   0000000018f8af70 0000000000000000
0x000000000482de30:   000000000482de58 000000000482dea8
0x000000000482de40:   000000000493835d 0000000000000000
0x000000000482de50:   00000000049419d8 00000000d637a8c8
0x000000000482de60:   00000000d67062d8 000000000482de68
0x000000000482de70:   0000000018f8a0e2 000000000482dec0
0x000000000482de80:   0000000018f8d448 0000000000000000 

Instructions: (pc=0x000000018001205f)
0x000000018001203f:   ff 48 85 c0 48 8b f8 74 30 48 85 db 74 2b 48 8b
0x000000018001204f:   cb ff 15 da 31 00 00 66 c7 03 09 00 48 89 7b 08
0x000000018001205f:   48 8b 17 48 8b cf 48 8b 5c 24 30 48 8b 74 24 38
0x000000018001206f:   48 83 c4 20 5f 48 ff 62 08 48 8d 15 b9 41 00 00 


Register to memory mapping:

RAX=0x0000000000000000 is an unknown value
RBX=0x000000001bda3f30 is an unknown value
RCX=0x0000000000000000 is an unknown value
RDX=0x000000000482de58 is pointing into the stack for thread: 0x0000000004832800
RSP=0x000000000482dd90 is pointing into the stack for thread: 0x0000000004832800
RBP=0x000000000482de38 is pointing into the stack for thread: 0x0000000004832800
RSI=0x00000000048329f8 is an unknown value
RDI=0x0000000000000001 is an unknown value
R8 =0x0000000000000000 is an unknown value
R9 =0x00000000d637a8c8 is an oop
[B 
 - klass: {type array byte}
 - length: 4634
R10=0x0000000000000004 is an unknown value
R11=0x0000000063e2f4d8 is an unknown value
R12=0x0000000000000000 is an unknown value
R13={method} {0x0000000018f8af78} 'putVariantDispatch' '(Ljava/lang/Object;)V' in 'com/jacob/com/Variant'
R14=0x000000000482de60 is pointing into the stack for thread: 0x0000000004832800
R15=0x0000000004832800 is a thread


Stack: [0x0000000004730000,0x0000000004830000],  sp=0x000000000482dd90,  free space=1015k
Native frames: (J=compiled Java code, j=interpreted, Vv=VM code, C=native code)
C  [jacob-1.14.3-x64.dll+0x1205f]
C  0x0000000004947f74

Java frames: (J=compiled Java code, j=interpreted, Vv=VM code)
j  com.jacob.com.Variant.putVariantDispatch(Ljava/lang/Object;)V+0
j  com.jacob.com.Variant.putObject(Ljava/lang/Object;)V+2
j  com.jacob.com.VariantUtilities.populateVariant(Lcom/jacob/com/Variant;Ljava/lang/Object;Z)V+511
j  com.jacob.com.Variant.<init>(Ljava/lang/Object;Z)V+16
j  com.jacob.com.Variant.<init>(Ljava/lang/Object;)V+3
j  com.grid.models.GridReportUtils.LoadFromMemory([BI)Z+11
j  com.grid.models.GridReportUtils.print([BLjava/lang/String;)V+4
j  com.grid.models.TestGridUtils.testDirectPrintFn()V+52
v  ~StubRoutines::call_stub
j  sun.reflect.NativeMethodAccessorImpl.invoke0(Ljava/lang/reflect/Method;Ljava/lang/Object;[Ljava/lang/Object;)Ljava/lang/Object;+0
j  sun.reflect.NativeMethodAccessorImpl.invoke(Ljava/lang/Object;[Ljava/lang/Object;)Ljava/lang/Object;+100
j  sun.reflect.DelegatingMethodAccessorImpl.invoke(Ljava/lang/Object;[Ljava/lang/Object;)Ljava/lang/Object;+6
j  java.lang.reflect.Method.invoke(Ljava/lang/Object;[Ljava/lang/Object;)Ljava/lang/Object;+56
j  org.junit.runners.model.FrameworkMethod$1.runReflectiveCall()Ljava/lang/Object;+15
j  org.junit.internal.runners.model.ReflectiveCallable.run()Ljava/lang/Object;+1
j  org.junit.runners.model.FrameworkMethod.invokeExplosively(Ljava/lang/Object;[Ljava/lang/Object;)Ljava/lang/Object;+10
j  org.junit.internal.runners.statements.InvokeMethod.evaluate()V+12
j  org.junit.internal.runners.statements.RunBefores.evaluate()V+49
j  org.junit.runners.ParentRunner.runLeaf(Lorg/junit/runners/model/Statement;Lorg/junit/runner/Description;Lorg/junit/runner/notification/RunNotifier;)V+17
j  org.junit.runners.BlockJUnit4ClassRunner.runChild(Lorg/junit/runners/model/FrameworkMethod;Lorg/junit/runner/notification/RunNotifier;)V+30
j  org.junit.runners.BlockJUnit4ClassRunner.runChild(Ljava/lang/Object;Lorg/junit/runner/notification/RunNotifier;)V+6
j  org.junit.runners.ParentRunner$3.run()V+12
j  org.junit.runners.ParentRunner$1.schedule(Ljava/lang/Runnable;)V+1
j  org.junit.runners.ParentRunner.runChildren(Lorg/junit/runner/notification/RunNotifier;)V+44
j  org.junit.runners.ParentRunner.access$000(Lorg/junit/runners/ParentRunner;Lorg/junit/runner/notification/RunNotifier;)V+2
j  org.junit.runners.ParentRunner$2.evaluate()V+8
j  org.junit.runners.ParentRunner.run(Lorg/junit/runner/notification/RunNotifier;)V+20
j  org.eclipse.jdt.internal.junit4.runner.JUnit4TestReference.run(Lorg/eclipse/jdt/internal/junit/runner/TestExecution;)V+72
j  org.eclipse.jdt.internal.junit.runner.TestExecution.run([Lorg/eclipse/jdt/internal/junit/runner/ITestReference;)V+17
j  org.eclipse.jdt.internal.junit.runner.RemoteTestRunner.runTests([Ljava/lang/String;Ljava/lang/String;Lorg/eclipse/jdt/internal/junit/runner/TestExecution;)V+62
j  org.eclipse.jdt.internal.junit.runner.RemoteTestRunner.runTests(Lorg/eclipse/jdt/internal/junit/runner/TestExecution;)V+10
j  org.eclipse.jdt.internal.junit.runner.RemoteTestRunner.run()V+70
j  org.eclipse.jdt.internal.junit.runner.RemoteTestRunner.main([Ljava/lang/String;)V+10
v  ~StubRoutines::call_stub

---------------  P R O C E S S  ---------------

Java Threads: ( => current thread )
  0x000000001aa26000 JavaThread "ReaderThread" [_thread_in_native, id=18672, stack(0x000000001b370000,0x000000001b470000)]
  0x000000001a908000 JavaThread "Service Thread" daemon [_thread_blocked, id=16768, stack(0x000000001b170000,0x000000001b270000)]
  0x000000001a88e000 JavaThread "C1 CompilerThread2" daemon [_thread_blocked, id=6696, stack(0x000000001b070000,0x000000001b170000)]
  0x000000001a87d800 JavaThread "C2 CompilerThread1" daemon [_thread_blocked, id=3164, stack(0x000000001af70000,0x000000001b070000)]
  0x000000001a879800 JavaThread "C2 CompilerThread0" daemon [_thread_blocked, id=3028, stack(0x000000001ae70000,0x000000001af70000)]
  0x000000001a878800 JavaThread "Attach Listener" daemon [_thread_blocked, id=15580, stack(0x000000001ad70000,0x000000001ae70000)]
  0x00000000194a3000 JavaThread "Signal Dispatcher" daemon [_thread_blocked, id=10448, stack(0x000000001ac70000,0x000000001ad70000)]
  0x000000001947a800 JavaThread "Finalizer" daemon [_thread_blocked, id=2548, stack(0x000000001a710000,0x000000001a810000)]
  0x0000000019459000 JavaThread "Reference Handler" daemon [_thread_blocked, id=16440, stack(0x000000001a610000,0x000000001a710000)]
=>0x0000000004832800 JavaThread "main" [_thread_in_native, id=18792, stack(0x0000000004730000,0x0000000004830000)]

Other Threads:
  0x0000000019457800 VMThread [stack: 0x000000001a510000,0x000000001a610000] [id=8316]
  0x000000001a945800 WatcherThread [stack: 0x000000001b270000,0x000000001b370000] [id=17480]

VM state:not at safepoint (normal execution)

VM Mutex/Monitor currently owned by a thread: None

Heap:
 PSYoungGen      total 38400K, used 10724K [0x00000000d5d00000, 0x00000000d8780000, 0x0000000100000000)
  eden space 33280K, 32% used [0x00000000d5d00000,0x00000000d67790d0,0x00000000d7d80000)
  from space 5120K, 0% used [0x00000000d8280000,0x00000000d8280000,0x00000000d8780000)
  to   space 5120K, 0% used [0x00000000d7d80000,0x00000000d7d80000,0x00000000d8280000)
 ParOldGen       total 87552K, used 0K [0x0000000081600000, 0x0000000086b80000, 0x00000000d5d00000)
  object space 87552K, 0% used [0x0000000081600000,0x0000000081600000,0x0000000086b80000)
 Metaspace       used 6430K, capacity 6580K, committed 6656K, reserved 1056768K
  class space    used 693K, capacity 723K, committed 768K, reserved 1048576K

Card table byte_map: [0x0000000013cf0000,0x00000000140f0000] byte_map_base: 0x00000000138e5000

Marking Bits: (ParMarkBitMap*) 0x0000000063e3d850
 Begin Bits: [0x00000000147a0000, 0x0000000016748000)
 End Bits:   [0x0000000016748000, 0x00000000186f0000)

Polling page: 0x0000000004320000

CodeCache: size=245760Kb used=1917Kb max_used=1926Kb free=243842Kb
 bounds [0x0000000004930000, 0x0000000004ba0000, 0x0000000013930000]
 total_blobs=655 nmethods=331 adapters=237
 compilation: enabled

Compilation events (10 events):
Event: 0.676 Thread 0x000000001a88e000  327       3       java.lang.ClassLoader::checkPackageAccess (122 bytes)
Event: 0.677 Thread 0x000000001a88e000 nmethod 327 0x0000000004b0df50 code [0x0000000004b0e180, 0x0000000004b0ed68]
Event: 0.677 Thread 0x000000001a88e000  328   !   3       java.util.Collections$SynchronizedCollection::add (25 bytes)
Event: 0.677 Thread 0x000000001a88e000 nmethod 328 0x0000000004b0d8d0 code [0x0000000004b0da40, 0x0000000004b0dde8]
Event: 0.677 Thread 0x000000001a88e000  329       3       java.util.HashMap::afterNodeAccess (1 bytes)
Event: 0.677 Thread 0x000000001a88e000 nmethod 329 0x0000000004b0d5d0 code [0x0000000004b0d720, 0x0000000004b0d870]
Event: 0.678 Thread 0x000000001a879800  330       4       java.util.concurrent.ConcurrentHashMap::tabAt (21 bytes)
Event: 0.678 Thread 0x000000001a87d800  331       4       java.util.concurrent.ConcurrentHashMap::casTabAt (20 bytes)
Event: 0.678 Thread 0x000000001a879800 nmethod 330 0x0000000004b09dd0 code [0x0000000004b09f00, 0x0000000004b09f58]
Event: 0.678 Thread 0x000000001a87d800 nmethod 331 0x0000000004b0d3d0 code [0x0000000004b0d500, 0x0000000004b0d578]

GC Heap History (0 events):
No events

Deoptimization events (0 events):
No events

Internal exceptions (7 events):
Event: 0.045 Thread 0x0000000004832800 Exception <a 'java/lang/NoSuchMethodError': Method sun.misc.Unsafe.defineClass(Ljava/lang/String;[BII)Ljava/lang/Class; name or signature does not match> (0x00000000d5d07ca8) thrown at [C:\re\workspace\8-2-build-windows-amd64-cygwin\jdk8u144\9417\hotspot\
Event: 0.045 Thread 0x0000000004832800 Exception <a 'java/lang/NoSuchMethodError': Method sun.misc.Unsafe.prefetchRead(Ljava/lang/Object;J)V name or signature does not match> (0x00000000d5d07f90) thrown at [C:\re\workspace\8-2-build-windows-amd64-cygwin\jdk8u144\9417\hotspot\src\share\vm\prims
Event: 0.246 Thread 0x0000000004832800 Exception <a 'java/security/PrivilegedActionException'> (0x00000000d5f601f0) thrown at [C:\re\workspace\8-2-build-windows-amd64-cygwin\jdk8u144\9417\hotspot\src\share\vm\prims\jvm.cpp, line 1390]
Event: 0.246 Thread 0x0000000004832800 Exception <a 'java/security/PrivilegedActionException'> (0x00000000d5f605e8) thrown at [C:\re\workspace\8-2-build-windows-amd64-cygwin\jdk8u144\9417\hotspot\src\share\vm\prims\jvm.cpp, line 1390]
Event: 0.246 Thread 0x0000000004832800 Exception <a 'java/security/PrivilegedActionException'> (0x00000000d5f648c8) thrown at [C:\re\workspace\8-2-build-windows-amd64-cygwin\jdk8u144\9417\hotspot\src\share\vm\prims\jvm.cpp, line 1390]
Event: 0.246 Thread 0x0000000004832800 Exception <a 'java/security/PrivilegedActionException'> (0x00000000d5f64cc0) thrown at [C:\re\workspace\8-2-build-windows-amd64-cygwin\jdk8u144\9417\hotspot\src\share\vm\prims\jvm.cpp, line 1390]
Event: 0.688 Thread 0x0000000004832800 Exception <a 'java/lang/NoSuchFieldError': m_pDispatch> (0x00000000d6706770) thrown at [C:\re\workspace\8-2-build-windows-amd64-cygwin\jdk8u144\9417\hotspot\src\share\vm\prims\jni.cpp, line 2599]

Events (10 events):
Event: 0.684 loading class com/alibaba/fastjson/serializer/AutowiredObjectSerializer
Event: 0.685 loading class com/alibaba/fastjson/serializer/AutowiredObjectSerializer done
Event: 0.685 loading class com/alibaba/fastjson/util/ServiceLoader
Event: 0.685 loading class com/alibaba/fastjson/util/ServiceLoader done
Event: 0.686 loading class java/util/HashMap$KeyIterator
Event: 0.686 loading class java/util/HashMap$KeyIterator done
Event: 0.688 loading class java/util/Date
Event: 0.688 loading class java/util/Date done
Event: 0.688 loading class java/lang/NoSuchFieldError
Event: 0.688 loading class java/lang/NoSuchFieldError done


Dynamic libraries:
0x00007ff625490000 - 0x00007ff6254c7000 	D:\Program Files\Java\jdk1.8.0_144\bin\javaw.exe
0x00007ff91b400000 - 0x00007ff91b5e0000 	C:\WINDOWS\SYSTEM32\ntdll.dll
0x00007ff9192b0000 - 0x00007ff91935e000 	C:\WINDOWS\System32\KERNEL32.DLL
0x00007ff917cf0000 - 0x00007ff917f56000 	C:\WINDOWS\System32\KERNELBASE.dll
0x00007ff918d30000 - 0x00007ff918dd1000 	C:\WINDOWS\System32\ADVAPI32.dll
0x00007ff919d90000 - 0x00007ff919e2d000 	C:\WINDOWS\System32\msvcrt.dll
0x00007ff919480000 - 0x00007ff9194db000 	C:\WINDOWS\System32\sechost.dll
0x00007ff918c10000 - 0x00007ff918d2f000 	C:\WINDOWS\System32\RPCRT4.dll
0x00007ff918e40000 - 0x00007ff918fcf000 	C:\WINDOWS\System32\USER32.dll
0x00007ff917800000 - 0x00007ff917820000 	C:\WINDOWS\System32\win32u.dll
0x00007ff919cc0000 - 0x00007ff919ce8000 	C:\WINDOWS\System32\GDI32.dll
0x00007ff917aa0000 - 0x00007ff917c33000 	C:\WINDOWS\System32\gdi32full.dll
0x00007ff917a00000 - 0x00007ff917a9b000 	C:\WINDOWS\System32\msvcp_win.dll
0x00007ff917900000 - 0x00007ff9179f6000 	C:\WINDOWS\System32\ucrtbase.dll
0x00007ff90a520000 - 0x00007ff90a789000 	C:\WINDOWS\WinSxS\amd64_microsoft.windows.common-controls_6595b64144ccf1df_6.0.16299.192_none_15c8cdae9364c23b\COMCTL32.dll
0x00007ff9194e0000 - 0x00007ff9197e8000 	C:\WINDOWS\System32\combase.dll
0x00007ff917880000 - 0x00007ff9178f2000 	C:\WINDOWS\System32\bcryptPrimitives.dll
0x00007ff919040000 - 0x00007ff91906d000 	C:\WINDOWS\System32\IMM32.DLL
0x0000000063380000 - 0x0000000063452000 	D:\Program Files\Java\jdk1.8.0_144\jre\bin\msvcr100.dll
0x0000000063620000 - 0x0000000063ebd000 	D:\Program Files\Java\jdk1.8.0_144\jre\bin\server\jvm.dll
0x00007ff919360000 - 0x00007ff919368000 	C:\WINDOWS\System32\PSAPI.DLL
0x00007ff905fb0000 - 0x00007ff905fb9000 	C:\WINDOWS\SYSTEM32\WSOCK32.dll
0x00007ff913130000 - 0x00007ff913153000 	C:\WINDOWS\SYSTEM32\WINMM.dll
0x00007ff9190d0000 - 0x00007ff91913c000 	C:\WINDOWS\System32\WS2_32.dll
0x00007ff9130a0000 - 0x00007ff9130ca000 	C:\WINDOWS\SYSTEM32\WINMMBASE.dll
0x00007ff90eee0000 - 0x00007ff90eeea000 	C:\WINDOWS\SYSTEM32\VERSION.dll
0x00007ff918880000 - 0x00007ff9188ca000 	C:\WINDOWS\System32\cfgmgr32.dll
0x0000000063610000 - 0x000000006361f000 	D:\Program Files\Java\jdk1.8.0_144\jre\bin\verify.dll
0x00000000635e0000 - 0x0000000063609000 	D:\Program Files\Java\jdk1.8.0_144\jre\bin\java.dll
0x00000000635c0000 - 0x00000000635d6000 	D:\Program Files\Java\jdk1.8.0_144\jre\bin\zip.dll
0x00007ff919e40000 - 0x00007ff91b276000 	C:\WINDOWS\System32\SHELL32.dll
0x00007ff918a70000 - 0x00007ff918b16000 	C:\WINDOWS\System32\shcore.dll
0x00007ff917f60000 - 0x00007ff9186a7000 	C:\WINDOWS\System32\windows.storage.dll
0x00007ff918de0000 - 0x00007ff918e31000 	C:\WINDOWS\System32\shlwapi.dll
0x00007ff9177e0000 - 0x00007ff9177f1000 	C:\WINDOWS\System32\kernel.appcore.dll
0x00007ff917790000 - 0x00007ff9177dc000 	C:\WINDOWS\System32\powrprof.dll
0x00007ff917750000 - 0x00007ff91776b000 	C:\WINDOWS\System32\profapi.dll
0x0000000063590000 - 0x00000000635aa000 	D:\Program Files\Java\jdk1.8.0_144\jre\bin\net.dll
0x00007ff916c90000 - 0x00007ff916cf6000 	C:\WINDOWS\system32\mswsock.dll
0x0000000180000000 - 0x0000000180021000 	C:\Windows\System32\jacob-1.14.3-x64.dll
0x00007ff91b280000 - 0x00007ff91b3c9000 	C:\WINDOWS\System32\ole32.dll
0x00007ff918b20000 - 0x00007ff918be5000 	C:\WINDOWS\System32\OLEAUT32.dll
0x00000000656c0000 - 0x0000000065789000 	C:\WINDOWS\WinSxS\amd64_microsoft.vc80.crt_1fc8b3b9a1e18e3b_8.0.50727.9348_none_88dedda92fafc8db\MSVCR80.dll
0x00007ff9157d0000 - 0x00007ff915865000 	C:\WINDOWS\system32\uxtheme.dll
0x00007ff919cf0000 - 0x00007ff919d8e000 	C:\WINDOWS\System32\clbcatq.dll
0x000000001bdb0000 - 0x000000001c247000 	C:\Grid++Report 6\x64\gregn6x64.dll
0x00007ff90ed60000 - 0x00007ff90ed67000 	C:\WINDOWS\SYSTEM32\MSIMG32.dll
0x00007ff90ed70000 - 0x00007ff90edf6000 	C:\WINDOWS\SYSTEM32\WINSPOOL.DRV
0x00007ff916a20000 - 0x00007ff916a59000 	C:\WINDOWS\SYSTEM32\IPHLPAPI.DLL
0x00007ff9173e0000 - 0x00007ff917405000 	C:\WINDOWS\SYSTEM32\bcrypt.dll
0x00007ff8f36e0000 - 0x00007ff8f39f4000 	C:\WINDOWS\SYSTEM32\MSFTEDIT.DLL
0x00007ff9175b0000 - 0x00007ff91764a000 	C:\WINDOWS\SYSTEM32\sxs.dll
0x00007ff8e56e0000 - 0x00007ff8e57bb000 	C:\WINDOWS\System32\DriverStore\FileRepository\ntprint.inf_amd64_ab738c05d09b470b\Amd64\mxdwdrv.dll
0x00007ff913900000 - 0x00007ff913935000 	C:\WINDOWS\SYSTEM32\XmlLite.dll
0x00007ff8d9dc0000 - 0x00007ff8da08a000 	C:\WINDOWS\System32\DriverStore\FileRepository\prnms003.inf_amd64_d953309ec763fcc7\Amd64\PrintConfig.dll
0x00007ff917650000 - 0x00007ff917679000 	C:\WINDOWS\SYSTEM32\USERENV.dll
0x00007ff90ebd0000 - 0x00007ff90ebff000 	C:\WINDOWS\SYSTEM32\prntvpt.dll
0x00007ff8c9c80000 - 0x00007ff8c9ec8000 	C:\WINDOWS\SYSTEM32\opcservices.dll
0x00007ff90b620000 - 0x00007ff90b7ec000 	C:\WINDOWS\SYSTEM32\urlmon.dll
0x00007ff918bf0000 - 0x00007ff918c0d000 	C:\WINDOWS\System32\imagehlp.dll
0x00007ff90c2a0000 - 0x00007ff90c539000 	C:\WINDOWS\SYSTEM32\iertutil.dll
0x00007ff916e50000 - 0x00007ff916e5b000 	C:\WINDOWS\SYSTEM32\CRYPTBASE.DLL
0x00007ff8c74e0000 - 0x00007ff8c77ab000 	C:\WINDOWS\SYSTEM32\xpsservices.dll
0x00007ff90e410000 - 0x00007ff90e661000 	C:\Windows\System32\msxml6.dll
0x00007ff906320000 - 0x00007ff90638f000 	C:\WINDOWS\SYSTEM32\msiso.dll
0x00007ff915b10000 - 0x00007ff915b3a000 	C:\WINDOWS\system32\dwmapi.dll
0x00007ff8e4e30000 - 0x00007ff8e4efa000 	C:\Windows\System32\jscript.dll
0x00007ff9123f0000 - 0x00007ff912410000 	C:\ProgramData\Microsoft\Windows Defender\platform\4.12.17007.18011-0\MpOav.dll
0x00007ff917210000 - 0x00007ff9173d8000 	C:\WINDOWS\SYSTEM32\dbghelp.dll

VM Arguments:
jvm_args: -ea -Dfile.encoding=UTF-8 
java_command: org.eclipse.jdt.internal.junit.runner.RemoteTestRunner -version 3 -port 14485 -testLoaderClass org.eclipse.jdt.internal.junit4.runner.JUnit4TestLoader -loaderpluginname org.eclipse.jdt.junit4.runtime -test com.grid.models.TestGridUtils:testDirectPrintFn
java_class_path (initial): D:\Program Files\Java\jdk1.8.0_144\jre\lib\resources.jar;D:\Program Files\Java\jdk1.8.0_144\jre\lib\rt.jar;D:\Program Files\Java\jdk1.8.0_144\jre\lib\jsse.jar;D:\Program Files\Java\jdk1.8.0_144\jre\lib\jce.jar;D:\Program Files\Java\jdk1.8.0_144\jre\lib\charsets.jar;D:\Program Files\Java\jdk1.8.0_144\jre\lib\jfr.jar;D:\Program Files\Java\jdk1.8.0_144\jre\lib\ext\access-bridge-64.jar;D:\Program Files\Java\jdk1.8.0_144\jre\lib\ext\cldrdata.jar;D:\Program Files\Java\jdk1.8.0_144\jre\lib\ext\dnsns.jar;D:\Program Files\Java\jdk1.8.0_144\jre\lib\ext\jaccess.jar;D:\Program Files\Java\jdk1.8.0_144\jre\lib\ext\jfxrt.jar;D:\Program Files\Java\jdk1.8.0_144\jre\lib\ext\localedata.jar;D:\Program Files\Java\jdk1.8.0_144\jre\lib\ext\nashorn.jar;D:\Program Files\Java\jdk1.8.0_144\jre\lib\ext\sunec.jar;D:\Program Files\Java\jdk1.8.0_144\jre\lib\ext\sunjce_provider.jar;D:\Program Files\Java\jdk1.8.0_144\jre\lib\ext\sunmscapi.jar;D:\Program Files\Java\jdk1.8.0_144\jre\lib\ext\sunpkcs11.jar;D:\Program Files\Java\jdk1.8.0_144\jre\lib\ext\zipfs.jar;D:\Users\dell\eclipse-workspace\grid-utils\bin;C:\Users\dell\.gradle\caches\modules-2\files-2.1\org.apache.commons\commons-math3\3.6.1\e4ba98f1d4b3c80ec46392f25e094a6a2e58fcbf\commons-math3-3.6.1.jar;C:\Users\dell\.gradle\caches\modules-2\files-2.1\com.alibaba\fastjson\1.2.41\19103e9ce292f711c462a97644d7a883cd20aa40\fastjson-1.2.41.jar;C:\Users\dell\.gradle\caches\modules-2\files-2.1\net.sf.jacob-project\jacob\1.14.3\ffcc659a65310b27c0d6e967b43390c96a9686d7\jacob-1.14.3.jar;C:\Users\dell\.gradle\caches\modules-2\files-2.1\com.google.guava\guava\21.0\3a3d111be1be1b745edfa7d91678a12d7ed38709\guava-21.0.jar;C:\Users\dell\.gradle\caches\modules-2\files-2.1\junit\junit\4.12\2973d150c0dc1fefe998f834810d68f278ea58ec\junit-4.12.jar;C:\Users\dell\.gradle\caches\modules-2\files-2.1\org.hamcrest\hamcrest-core\1.3\42a25dc3219429f0e5d060061f71acb49bf010a0\hamcrest-core-1.3.jar;D:\Users\dell\eclipse\jee-oxygen\eclipse\configurati
Launcher Type: SUN_STANDARD

Environment Variables:
JAVA_HOME=D:\Program Files\Java\jdk1.8.0_144
CLASSPATH=.;D:\Program Files\Java\jdk1.8.0_144\lib\dt.jar;D:\Program Files\Java\jdk1.8.0_144\lib\tools.jar
PATH=C:/Program Files/Java/jre1.8.0_144/bin/server;C:/Program Files/Java/jre1.8.0_144/bin;C:/Program Files/Java/jre1.8.0_144/lib/amd64;C:\jet14.0-eval-x86\bin;C:\jet12.0-eval-amd64\bin;C:\jet12.0-eval-x86\bin;D:\app\dell\product\11.2.0\dbhome_1\bin;C:\Program Files (x86)\Common Files\Intel\Shared Libraries\redist\intel64\compiler;C:\ProgramData\Oracle\Java\javapath;C:\Windows\system32;C:\Windows;C:\Windows\System32\Wbem;C:\Windows\System32\WindowsPowerShell\v1.0\;C:\Program Files (x86)\NVIDIA Corporation\PhysX\Common;D:\Perl64\bin\;D:\Program Files\Java\jdk1.8.0_144\bin;D:\Program Files\Java\jdk1.8.0_144\jre\bin;D:\Program Files\Git\cmd;D:\Program Files\OpenVPN\bin;C:\Program Files\TortoiseSVN\bin;D:\Program Files\mysql-5.7.19-winx64\bin;C:\Python27;C:\Program Files\TortoiseGit\bin;C:\Program Files\Intel\WiFi\bin\;C:\Program Files\Common Files\Intel\WirelessCommon\;D:\Program Files (x86)\Yarn\bin;D:\Program Files\cmder;C:\WINDOWS\system32;C:\WINDOWS;C:\WINDOWS\System32\Wbem;C:\WINDOWS\System32\WindowsPowerShell\v1.0\;D:\Qt\5.10.0\mingw53_32\bin;D:\Program Files\nodejs\;D:\Go\bin;C:\Program Files (x86)\WiX Toolset v3.11\bin;C:\Program Files\CMake\bin;C:\Users\dell\AppData\Local\Programs\Python\Python36-32\Scripts\;C:\Users\dell\AppData\Local\Programs\Python\Python36-32\;C:\Ruby24-x64\bin;C:\Users\dell\AppData\Local\Microsoft\WindowsApps;C:\Users\dell\AppData\Local\atom\bin;D:\Program Files (x86)\Nmap;D:\Program Files\Microsoft VS Code\bin;C:\Program Files\Intel\WiFi\bin\;C:\Program Files\Common Files\Intel\WirelessCommon\;C:\Users\dell\AppData\Local\Yarn\bin;C:\Users\dell\AppData\Local\Microsoft\WindowsApps;C:\Users\dell\AppData\Roaming\npm;D:\Users\dell\Desktop;
USERNAME=dell
OS=Windows_NT
PROCESSOR_IDENTIFIER=Intel64 Family 6 Model 61 Stepping 4, GenuineIntel



---------------  S Y S T E M  ---------------

OS: Windows 10.0 , 64 bit Build 16299 (10.0.16299.15)

CPU:total 4 (initial active 4) (2 cores per cpu, 2 threads per core) family 6 model 61 stepping 4, cmov, cx8, fxsr, mmx, sse, sse2, sse3, ssse3, sse4.1, sse4.2, popcnt, avx, avx2, aes, clmul, erms, 3dnowpref, lzcnt, ht, tsc, tscinvbit, bmi1, bmi2, adx

Memory: 4k page, physical 8296424k(945520k free), swap 17036692k(2095980k free)

vm_info: Java HotSpot(TM) 64-Bit Server VM (25.144-b01) for windows-amd64 JRE (1.8.0_144-b01), built on Jul 21 2017 21:57:33 by "java_re" with MS VC++ 10.0 (VS2010)

time: Mon Feb 05 13:38:31 2018
elapsed time: 0 seconds (0d 0h 0m 0s)

